Lottery/build/outputs/logs/manifest-merger-debug-report.txt
-- Merging decision tree log ---
manifest
ADDED from WZM\Lottery\AndroidManifest.xml:2:1-39:12
	package
		ADDED from WZM\Lottery\AndroidManifest.xml:3:5-35
	android:versionName
		ADDED from WZM\Lottery\AndroidManifest.xml:5:5-30
		INJECTED from WZM\Lottery\AndroidManifest.xml
		INJECTED from WZM\Lottery\AndroidManifest.xml
	android:versionCode
		ADDED from WZM\Lottery\AndroidManifest.xml:4:5-28
		INJECTED from WZM\Lottery\AndroidManifest.xml
		INJECTED from WZM\Lottery\AndroidManifest.xml
	xmlns:android
		ADDED from WZM\Lottery\AndroidManifest.xml:2:11-69
uses-sdk
ADDED from WZM\Lottery\AndroidManifest.xml:7:5-9:41
	android:targetSdkVersion
		ADDED from WZM\Lottery\AndroidManifest.xml:9:9-38
	android:minSdkVersion
		ADDED from WZM\Lottery\AndroidManifest.xml:8:9-34
uses-permission#android.permission.ACCESS_NETWORK_STATE
ADDED from WZM\Lottery\AndroidManifest.xml:11:5-79
	android:name
		ADDED from WZM\Lottery\AndroidManifest.xml:11:22-76
uses-permission#android.permission.INTERNET
ADDED from WZM\Lottery\AndroidManifest.xml:12:5-67
	android:name
		ADDED from WZM\Lottery\AndroidManifest.xml:12:22-64
uses-permission#android.permission.VIBRATE
ADDED from WZM\Lottery\AndroidManifest.xml:13:5-66
	android:name
		ADDED from WZM\Lottery\AndroidManifest.xml:13:22-63
instrumentation
ADDED from WZM\Lottery\AndroidManifest.xml:15:5-18:23
	android:targetPackage
		ADDED from WZM\Lottery\AndroidManifest.xml:17:9-53
	android:name
		ADDED from WZM\Lottery\AndroidManifest.xml:16:9-62
application
ADDED from WZM\Lottery\AndroidManifest.xml:20:5-37:19
	android:label
		ADDED from WZM\Lottery\AndroidManifest.xml:23:9-41
	android:allowBackup
		ADDED from WZM\Lottery\AndroidManifest.xml:21:9-35
	android:icon
		ADDED from WZM\Lottery\AndroidManifest.xml:22:9-45
	android:theme
		ADDED from WZM\Lottery\AndroidManifest.xml:24:9-73
uses-library#android.test.runner
ADDED from WZM\Lottery\AndroidManifest.xml:25:9-60
	android:name
		ADDED from WZM\Lottery\AndroidManifest.xml:25:23-57
activity#com.ithm.lotteryhm28.MainActivity
ADDED from WZM\Lottery\AndroidManifest.xml:27:9-36:20
	android:screenOrientation
		ADDED from WZM\Lottery\AndroidManifest.xml:30:13-49
	android:label
		ADDED from WZM\Lottery\AndroidManifest.xml:29:13-45
	android:name
		ADDED from WZM\Lottery\AndroidManifest.xml:28:13-61
intent-filter#android.intent.action.MAIN+android.intent.category.LAUNCHER
ADDED from WZM\Lottery\AndroidManifest.xml:31:13-35:29
action#android.intent.action.MAIN
ADDED from WZM\Lottery\AndroidManifest.xml:32:17-69
	android:name
		ADDED from WZM\Lottery\AndroidManifest.xml:32:25-66
category#android.intent.category.LAUNCHER
ADDED from WZM\Lottery\AndroidManifest.xml:34:17-77
	android:name
		ADDED from WZM\Lottery\AndroidManifest.xml:34:27-74